TN:
SF:/Users/nianlee/github/n-utility/lib/crypto.js
FN:14,hash
FN:32,md5
FN:44,sha1
FN:56,sha1
FN:68,base64encode
FN:88,base64decode
FN:99,sortObject
FNF:7
FNH:6
FNDA:6,hash
FNDA:2,md5
FNDA:2,sha1
FNDA:2,sha1
FNDA:1,base64encode
FNDA:3,base64decode
FNDA:0,sortObject
DA:3,3
DA:14,3
DA:15,6
DA:16,6
DA:17,6
DA:18,0
DA:20,6
DA:21,6
DA:32,3
DA:33,2
DA:44,3
DA:45,2
DA:56,3
DA:57,2
DA:68,3
DA:69,1
DA:70,1
DA:72,1
DA:73,1
DA:74,1
DA:76,1
DA:88,3
DA:89,3
DA:90,3
DA:92,3
DA:93,3
DA:94,1
DA:96,2
DA:100,0
DA:101,0
DA:103,0
DA:104,0
DA:105,0
DA:106,0
DA:107,0
DA:108,0
DA:110,0
LF:37
LH:27
BRDA:17,0,0,0
BRDA:17,0,1,6
BRDA:17,1,0,6
BRDA:17,1,1,6
BRDA:20,2,0,0
BRDA:20,2,1,6
BRDA:21,3,0,6
BRDA:21,3,1,6
BRDA:69,4,0,1
BRDA:69,4,1,0
BRDA:73,5,0,1
BRDA:73,5,1,0
BRDA:89,6,0,3
BRDA:89,6,1,0
BRDA:93,7,0,1
BRDA:93,7,1,2
BRDA:96,8,0,2
BRDA:96,8,1,1
BRDA:100,9,0,0
BRDA:100,9,1,0
BRDA:100,10,0,0
BRDA:100,10,1,0
BRDA:100,10,2,0
BRF:23
BRH:13
end_of_record
TN:
SF:/Users/nianlee/github/n-utility/lib/index.js
FNF:0
FNH:0
DA:3,3
DA:5,3
LF:2
LH:2
BRF:0
BRH:0
end_of_record
TN:
SF:/Users/nianlee/github/n-utility/lib/number.js
FN:10,random
FNF:1
FNH:1
FNDA:7,random
DA:10,3
DA:11,7
DA:12,1
DA:14,6
DA:15,3
DA:16,3
DA:19,6
DA:20,0
DA:21,0
DA:22,0
DA:24,6
LF:11
LH:8
BRDA:11,0,0,1
BRDA:11,0,1,6
BRDA:11,1,0,7
BRDA:11,1,1,1
BRDA:14,2,0,3
BRDA:14,2,1,3
BRDA:19,3,0,0
BRDA:19,3,1,6
BRF:8
BRH:7
end_of_record
TN:
SF:/Users/nianlee/github/n-utility/lib/string.js
FN:8,randomString
FNF:1
FNH:1
FNDA:2,randomString
DA:8,3
DA:9,2
DA:10,2
DA:11,2
DA:14,2
DA:15,26
DA:17,2
LF:7
LH:7
BRDA:10,0,0,2
BRDA:10,0,1,1
BRDA:12,1,0,2
BRDA:12,1,1,1
BRF:4
BRH:4
end_of_record
